<?xml version="1.0" encoding="UTF-8"?>
<!-- Generated by org.testng.reporters.JUnitXMLReporter -->
<testsuite hostname="LAPTOP-FHVIN2VS" ignored="0" name="Default test" tests="3" failures="0" timestamp="16 Apr 2020 19:19:31 GMT" time="58.305" errors="0">
  <testcase name="ContactLabel" time="1.343" classname="com.CRM.testcaseslayer.ContactpageTest"/>
  <testcase name="CheckBox" time="1.208" classname="com.CRM.testcaseslayer.ContactpageTest"/>
  <testcase name="CreateNewContact" time="8.177" classname="com.CRM.testcaseslayer.ContactpageTest"/>
</testsuite> <!-- Default test -->
