<?xml version="1.0" encoding="UTF-8"?>
<!-- Generated by org.testng.reporters.JUnitXMLReporter -->
<testsuite hostname="LAPTOP-FHVIN2VS" ignored="0" name="Free CRM Test" tests="3" failures="3" timestamp="23 Apr 2020 16:36:09 GMT" time="0.045" errors="0">
  <testcase name="loginpageTitleTest" time="0.017" classname="com.CRM.testcaseslayer.LoginpageTest">
    <failure type="java.lang.NullPointerException">
      <![CDATA[java.lang.NullPointerException
	at com.CRM.testcaseslayer.LoginpageTest.loginpageTitleTest(LoginpageTest.java:39)
... Removed 25 stack frames]]>
    </failure>
  </testcase> <!-- loginpageTitleTest -->
  <testcase name="logotest" time="0.001" classname="com.CRM.testcaseslayer.LoginpageTest">
    <failure type="java.lang.NullPointerException">
      <![CDATA[java.lang.NullPointerException
	at com.CRM.testcaseslayer.LoginpageTest.logotest(LoginpageTest.java:47)
... Removed 25 stack frames]]>
    </failure>
  </testcase> <!-- logotest -->
  <testcase name="loginTest" time="0.001" classname="com.CRM.testcaseslayer.LoginpageTest">
    <failure type="java.lang.NullPointerException">
      <![CDATA[java.lang.NullPointerException
	at com.CRM.testcaseslayer.LoginpageTest.loginTest(LoginpageTest.java:54)
... Removed 25 stack frames]]>
    </failure>
  </testcase> <!-- loginTest -->
</testsuite> <!-- Free CRM Test -->
